<?xml version="1.0" encoding="UTF-8" ?>
<testsuite failures="0" time="0.05" errors="0" skipped="0" tests="36" name="machine.VendingMachineTest">
  <properties>
    <property name="java.runtime.name" value="Java(TM) SE Runtime Environment"/>
    <property name="sun.boot.library.path" value="C:\Program Files\Java\jdk7\jre\bin"/>
    <property name="java.vm.version" value="24.79-b02"/>
    <property name="java.vm.vendor" value="Oracle Corporation"/>
    <property name="maven.multiModuleProjectDirectory" value="C:\Users\Edu\Projects\Vend"/>
    <property name="java.vendor.url" value="http://java.oracle.com/"/>
    <property name="path.separator" value=";"/>
    <property name="guice.disable.misplaced.annotation.check" value="true"/>
    <property name="java.vm.name" value="Java HotSpot(TM) 64-Bit Server VM"/>
    <property name="file.encoding.pkg" value="sun.io"/>
    <property name="user.script" value=""/>
    <property name="user.country" value="ES"/>
    <property name="sun.java.launcher" value="SUN_STANDARD"/>
    <property name="sun.os.patch.level" value=""/>
    <property name="java.vm.specification.name" value="Java Virtual Machine Specification"/>
    <property name="user.dir" value="C:\Users\Edu\Projects\Vend"/>
    <property name="java.runtime.version" value="1.7.0_79-b15"/>
    <property name="java.awt.graphicsenv" value="sun.awt.Win32GraphicsEnvironment"/>
    <property name="java.endorsed.dirs" value="C:\Program Files\Java\jdk7\jre\lib\endorsed"/>
    <property name="os.arch" value="amd64"/>
    <property name="java.io.tmpdir" value="C:\Users\Edu\AppData\Local\Temp\"/>
    <property name="line.separator" value="
"/>
    <property name="java.vm.specification.vendor" value="Oracle Corporation"/>
    <property name="user.variant" value=""/>
    <property name="os.name" value="Windows 8"/>
    <property name="classworlds.conf" value="C:\Program Files\apache-maven-3.3.3\bin\..\bin\m2.conf"/>
    <property name="sun.jnu.encoding" value="Cp1252"/>
    <property name="java.library.path" value="C:\Program Files\Java\jdk7\bin;C:\windows\Sun\Java\bin;C:\windows\system32;C:\windows;C:\Program Files\Java\jdk7\bin;C:\Program Files (x86)\Intel\iCLS Client\;C:\Program Files\Intel\iCLS Client\;C:\windows\system32;C:\windows;C:\windows\System32\Wbem;C:\windows\System32\WindowsPowerShell\v1.0\;C:\Program Files\Intel\Intel(R) Management Engine Components\DAL;C:\Program Files\Intel\Intel(R) Management Engine Components\IPT;C:\Program Files (x86)\Intel\Intel(R) Management Engine Components\DAL;C:\Program Files (x86)\Intel\Intel(R) Management Engine Components\IPT;C:\Program Files (x86)\Intel\OpenCL SDK\2.0\bin\x86;C:\Program Files (x86)\Intel\OpenCL SDK\2.0\bin\x64;C:\Program Files (x86)\Windows Live\Shared;C:\Program Files\Condusiv Technologies\IntelliMemory\;C:\Program Files\Intel\WiFi\bin\;C:\Program Files\Common Files\Intel\WirelessCommon\;C:\Program Files (x86)\Intel\OpenCL SDK\2.0\bin\x86;C:\Program Files (x86)\Intel\OpenCL SDK\2.0\bin\x64;C:\Program Files (x86)\Skype\Phone\;C:\Program Files\apache-maven-3.3.3\bin;C:\Users\Edu\AppData\Local\GitHub\PortableGit_c2ba306e536fdf878271f7fe636a147ff37326ad\bin;C:\Program Files\Intel\WiFi\bin\;C:\Program Files\Common Files\Intel\WirelessCommon\;."/>
    <property name="java.specification.name" value="Java Platform API Specification"/>
    <property name="java.class.version" value="51.0"/>
    <property name="sun.management.compiler" value="HotSpot 64-Bit Tiered Compilers"/>
    <property name="os.version" value="6.2"/>
    <property name="user.home" value="C:\Users\Edu"/>
    <property name="user.timezone" value="Europe/Paris"/>
    <property name="java.awt.printerjob" value="sun.awt.windows.WPrinterJob"/>
    <property name="java.specification.version" value="1.7"/>
    <property name="file.encoding" value="Cp1252"/>
    <property name="user.name" value="Edu"/>
    <property name="java.class.path" value="C:\Program Files\apache-maven-3.3.3\bin\..\boot\plexus-classworlds-2.5.2.jar"/>
    <property name="java.vm.specification.version" value="1.7"/>
    <property name="sun.arch.data.model" value="64"/>
    <property name="java.home" value="C:\Program Files\Java\jdk7\jre"/>
    <property name="sun.java.command" value="org.codehaus.plexus.classworlds.launcher.Launcher test"/>
    <property name="java.specification.vendor" value="Oracle Corporation"/>
    <property name="user.language" value="es"/>
    <property name="awt.toolkit" value="sun.awt.windows.WToolkit"/>
    <property name="java.vm.info" value="mixed mode"/>
    <property name="java.version" value="1.7.0_79"/>
    <property name="java.ext.dirs" value="C:\Program Files\Java\jdk7\jre\lib\ext;C:\windows\Sun\Java\lib\ext"/>
    <property name="sun.boot.class.path" value="C:\Program Files\Java\jdk7\jre\lib\resources.jar;C:\Program Files\Java\jdk7\jre\lib\rt.jar;C:\Program Files\Java\jdk7\jre\lib\sunrsasign.jar;C:\Program Files\Java\jdk7\jre\lib\jsse.jar;C:\Program Files\Java\jdk7\jre\lib\jce.jar;C:\Program Files\Java\jdk7\jre\lib\charsets.jar;C:\Program Files\Java\jdk7\jre\lib\jfr.jar;C:\Program Files\Java\jdk7\jre\classes"/>
    <property name="java.vendor" value="Oracle Corporation"/>
    <property name="maven.home" value="C:\Program Files\apache-maven-3.3.3\bin\.."/>
    <property name="file.separator" value="\"/>
    <property name="java.vendor.url.bug" value="http://bugreport.sun.com/bugreport/"/>
    <property name="sun.cpu.endian" value="little"/>
    <property name="sun.io.unicode.encoding" value="UnicodeLittle"/>
    <property name="sun.desktop" value="windows"/>
    <property name="sun.cpu.isalist" value="amd64"/>
  </properties>
  <testcase time="0.006" classname="machine.VendingMachineTest" name="itemCounterIsZeroIfNoRefill"/>
  <testcase time="0.001" classname="machine.VendingMachineTest" name="getItemsPrice"/>
  <testcase time="0.003" classname="machine.VendingMachineTest" name="addCoinsToChange"/>
  <testcase time="0" classname="machine.VendingMachineTest" name="getPriceItemNotExistent"/>
  <testcase time="0" classname="machine.VendingMachineTest" name="turnsOn"/>
  <testcase time="0.002" classname="machine.VendingMachineTest" name="insertDifferentCoins"/>
  <testcase time="0.001" classname="machine.VendingMachineTest" name="insertCoin50pence"/>
  <testcase time="0.001" classname="machine.VendingMachineTest" name="addCoins50pence"/>
  <testcase time="0.002" classname="machine.VendingMachineTest" name="buyWithNotEnoughMoneyItemA"/>
  <testcase time="0.002" classname="machine.VendingMachineTest" name="buyWithNotEnoughMoneyItemB"/>
  <testcase time="0.001" classname="machine.VendingMachineTest" name="buyWithNotEnoughMoneyItemC"/>
  <testcase time="0.004" classname="machine.VendingMachineTest" name="buyWithNoStockItemA"/>
  <testcase time="0.002" classname="machine.VendingMachineTest" name="buyWithNoStockItemB"/>
  <testcase time="0.002" classname="machine.VendingMachineTest" name="buyWithNoStockItemC"/>
  <testcase time="0" classname="machine.VendingMachineTest" name="insertCoin10pence"/>
  <testcase time="0.002" classname="machine.VendingMachineTest" name="defaultStateIsOff"/>
  <testcase time="0" classname="machine.VendingMachineTest" name="turnsOff"/>
  <testcase time="0.001" classname="machine.VendingMachineTest" name="addCoins10pence"/>
  <testcase time="0.002" classname="machine.VendingMachineTest" name="coinReturnButtonWithCoins"/>
  <testcase time="0" classname="machine.VendingMachineTest" name="hasItemCounter"/>
  <testcase time="0.001" classname="machine.VendingMachineTest" name="buyWithMoreThanEnoughMoneyItemAndNotChangeAvailable"/>
  <testcase time="0" classname="machine.VendingMachineTest" name="insertCoin20pence"/>
  <testcase time="0" classname="machine.VendingMachineTest" name="addCoins1pound"/>
  <testcase time="0" classname="machine.VendingMachineTest" name="addCoins20pence"/>
  <testcase time="0.001" classname="machine.VendingMachineTest" name="insertCoinsMachineOff"/>
  <testcase time="0.002" classname="machine.VendingMachineTest" name="buyWithMoreThanEnoughMoneyItemA"/>
  <testcase time="0.002" classname="machine.VendingMachineTest" name="buyWithMoreThanEnoughMoneyItemB"/>
  <testcase time="0.003" classname="machine.VendingMachineTest" name="buyWithMoreThanEnoughMoneyItemC"/>
  <testcase time="0.001" classname="machine.VendingMachineTest" name="hasCoinsAvailable"/>
  <testcase time="0" classname="machine.VendingMachineTest" name="insertCoin1euro"/>
  <testcase time="0.001" classname="machine.VendingMachineTest" name="coinReturnButton"/>
  <testcase time="0.001" classname="machine.VendingMachineTest" name="buyWithExactMoneyItemA"/>
  <testcase time="0.002" classname="machine.VendingMachineTest" name="buyWithExactMoneyItemB"/>
  <testcase time="0.002" classname="machine.VendingMachineTest" name="buyWithExactMoneyItemC"/>
  <testcase time="0.001" classname="machine.VendingMachineTest" name="itemRefill"/>
  <testcase time="0.001" classname="machine.VendingMachineTest" name="insertCoin1pound"/>
</testsuite>